/Users/dayyoung/Library/Python/3.9/lib/python/site-packages/urllib3/__init__.py:35: NotOpenSSLWarning: urllib3 v2 only supports OpenSSL 1.1.1+, currently the 'ssl' module is compiled with 'LibreSSL 2.8.3'. See: https://github.com/urllib3/urllib3/issues/3020
  warnings.warn(
/Users/dayyoung/Library/Python/3.9/lib/python/site-packages/google/api_core/_python_version_support.py:237: FutureWarning: You are using a non-supported Python version (3.9.6). Google will not post any further updates to google.api_core supporting this Python version. Please upgrade to the latest Python version, or at least Python 3.10, and then update google.api_core.
  warnings.warn(message, FutureWarning)
An error occurred: module 'importlib.metadata' has no attribute 'packages_distributions'
No new videos found in movies folder.
Loaded 1192 videos from history.
Found 694 pending uploads (Sorted by Bible Order).
Processing pending upload: Psalms_Chapter_18.mp4
Starting upload for: Psalms Chapter 18 (NIRV)
Uploading file...
Video id 'lZ3wQLkEQ9g' was successfully uploaded.
Successfully uploaded and updated history for: Psalms_Chapter_18.mp4
Processing pending upload: Psalms_Chapter_19.mp4
Starting upload for: Psalms Chapter 19 (NIRV)
Uploading file...
Video id '5ek66wC8GXo' was successfully uploaded.
Successfully uploaded and updated history for: Psalms_Chapter_19.mp4
Processing pending upload: Psalms_Chapter_20.mp4
Starting upload for: Psalms Chapter 20 (NIRV)
Uploading file...
Video id 'pLGcqV36woQ' was successfully uploaded.
Successfully uploaded and updated history for: Psalms_Chapter_20.mp4
Processing pending upload: Psalms_Chapter_21.mp4
Starting upload for: Psalms Chapter 21 (NIRV)
Uploading file...
Video id 'P61GRHf1o0s' was successfully uploaded.
Successfully uploaded and updated history for: Psalms_Chapter_21.mp4
Processing pending upload: Psalms_Chapter_22.mp4
Starting upload for: Psalms Chapter 22 (NIRV)
Uploading file...
Video id 'mfMXDg6oIM8' was successfully uploaded.
Successfully uploaded and updated history for: Psalms_Chapter_22.mp4
Processing pending upload: Psalms_Chapter_23.mp4
Starting upload for: Psalms Chapter 23 (NIRV)
Uploading file...
Video id 'H_kc-H0VkXw' was successfully uploaded.
Successfully uploaded and updated history for: Psalms_Chapter_23.mp4
Processing pending upload: Psalms_Chapter_24.mp4
Starting upload for: Psalms Chapter 24 (NIRV)
Uploading file...
Video id '1x6tgWyjjno' was successfully uploaded.
Successfully uploaded and updated history for: Psalms_Chapter_24.mp4
Processing pending upload: Psalms_Chapter_25.mp4
Starting upload for: Psalms Chapter 25 (NIRV)
Uploading file...
Video id 'UsHCQbxhbmY' was successfully uploaded.
Successfully uploaded and updated history for: Psalms_Chapter_25.mp4
Processing pending upload: Psalms_Chapter_26.mp4
Starting upload for: Psalms Chapter 26 (NIRV)
Uploading file...
Video id 'MMNShnVwnlI' was successfully uploaded.
Successfully uploaded and updated history for: Psalms_Chapter_26.mp4
Processing pending upload: Psalms_Chapter_27.mp4
Starting upload for: Psalms Chapter 27 (NIRV)
Uploading file...
Video id 'Wydr2yuG3Bs' was successfully uploaded.
Successfully uploaded and updated history for: Psalms_Chapter_27.mp4
Processing pending upload: Psalms_Chapter_28.mp4
Starting upload for: Psalms Chapter 28 (NIRV)
Uploading file...
Video id 'n3Rz7sAPRa8' was successfully uploaded.
Successfully uploaded and updated history for: Psalms_Chapter_28.mp4
Processing pending upload: Psalms_Chapter_29.mp4
Starting upload for: Psalms Chapter 29 (NIRV)
Uploading file...
Video id 'ZX-Z503XnAw' was successfully uploaded.
Successfully uploaded and updated history for: Psalms_Chapter_29.mp4
Processing pending upload: Psalms_Chapter_30.mp4
Starting upload for: Psalms Chapter 30 (NIRV)
Uploading file...
Video id 'qJ6N_Un6gxo' was successfully uploaded.
Successfully uploaded and updated history for: Psalms_Chapter_30.mp4
Processing pending upload: Psalms_Chapter_31.mp4
Starting upload for: Psalms Chapter 31 (NIRV)
Uploading file...
Video id 'iCPDhwhaBLc' was successfully uploaded.
Successfully uploaded and updated history for: Psalms_Chapter_31.mp4
Processing pending upload: Psalms_Chapter_32.mp4
Starting upload for: Psalms Chapter 32 (NIRV)
Uploading file...
Video id '0eGAYlNsgks' was successfully uploaded.
Successfully uploaded and updated history for: Psalms_Chapter_32.mp4
Processing pending upload: Psalms_Chapter_33.mp4
Starting upload for: Psalms Chapter 33 (NIRV)
Uploading file...
Video id 'pkqb2FbwKhk' was successfully uploaded.
Successfully uploaded and updated history for: Psalms_Chapter_33.mp4
Processing pending upload: Psalms_Chapter_34.mp4
Starting upload for: Psalms Chapter 34 (NIRV)
Uploading file...
Video id 'aDqYGorukC8' was successfully uploaded.
Successfully uploaded and updated history for: Psalms_Chapter_34.mp4
Processing pending upload: Psalms_Chapter_35.mp4
Starting upload for: Psalms Chapter 35 (NIRV)
Uploading file...
Video id 'wbFW9WdEiu4' was successfully uploaded.
Successfully uploaded and updated history for: Psalms_Chapter_35.mp4
Processing pending upload: Psalms_Chapter_36.mp4
Starting upload for: Psalms Chapter 36 (NIRV)
Uploading file...
Video id 'FZa2KkSityk' was successfully uploaded.
Successfully uploaded and updated history for: Psalms_Chapter_36.mp4
Processing pending upload: Psalms_Chapter_37.mp4
Starting upload for: Psalms Chapter 37 (NIRV)
Uploading file...
Video id 'LjLHi4jQwvI' was successfully uploaded.
Successfully uploaded and updated history for: Psalms_Chapter_37.mp4
Processing pending upload: Psalms_Chapter_38.mp4
Starting upload for: Psalms Chapter 38 (NIRV)
Uploading file...
Video id 'rheMGFrQaXY' was successfully uploaded.
Successfully uploaded and updated history for: Psalms_Chapter_38.mp4
Processing pending upload: Psalms_Chapter_39.mp4
Starting upload for: Psalms Chapter 39 (NIRV)
Uploading file...
Video id '0eXLrH73OHY' was successfully uploaded.
Successfully uploaded and updated history for: Psalms_Chapter_39.mp4
Processing pending upload: Psalms_Chapter_40.mp4
Starting upload for: Psalms Chapter 40 (NIRV)
Uploading file...
Video id 'vO-0AVgPuno' was successfully uploaded.
Successfully uploaded and updated history for: Psalms_Chapter_40.mp4
Processing pending upload: Psalms_Chapter_41.mp4
Starting upload for: Psalms Chapter 41 (NIRV)
Uploading file...
Video id 'llb55tyzxds' was successfully uploaded.
Successfully uploaded and updated history for: Psalms_Chapter_41.mp4
Processing pending upload: Psalms_Chapter_42.mp4
Starting upload for: Psalms Chapter 42 (NIRV)
Uploading file...
Video id 'mn0v_j_2wFw' was successfully uploaded.
Successfully uploaded and updated history for: Psalms_Chapter_42.mp4
Processing pending upload: Psalms_Chapter_43.mp4
Starting upload for: Psalms Chapter 43 (NIRV)
Uploading file...
Video id 'kbCp_1AQX3k' was successfully uploaded.
Successfully uploaded and updated history for: Psalms_Chapter_43.mp4
Processing pending upload: Psalms_Chapter_44.mp4
Starting upload for: Psalms Chapter 44 (NIRV)
Uploading file...
Video id 'FW4dDmwjqWw' was successfully uploaded.
Successfully uploaded and updated history for: Psalms_Chapter_44.mp4
Processing pending upload: Psalms_Chapter_45.mp4
Starting upload for: Psalms Chapter 45 (NIRV)
Uploading file...
Video id '74xVc85YEJY' was successfully uploaded.
Successfully uploaded and updated history for: Psalms_Chapter_45.mp4
Processing pending upload: Psalms_Chapter_46.mp4
Starting upload for: Psalms Chapter 46 (NIRV)
Uploading file...
Video id 'vnZzv_G3LXQ' was successfully uploaded.
Successfully uploaded and updated history for: Psalms_Chapter_46.mp4
Processing pending upload: Psalms_Chapter_47.mp4
Starting upload for: Psalms Chapter 47 (NIRV)
Uploading file...
Video id 'HwpdcsAFAQg' was successfully uploaded.
Successfully uploaded and updated history for: Psalms_Chapter_47.mp4
Processing pending upload: Psalms_Chapter_48.mp4
Starting upload for: Psalms Chapter 48 (NIRV)
Uploading file...
Video id 'qmpA_gyz72g' was successfully uploaded.
Successfully uploaded and updated history for: Psalms_Chapter_48.mp4
Processing pending upload: Psalms_Chapter_49.mp4
Starting upload for: Psalms Chapter 49 (NIRV)
Uploading file...
Video id 'ADAQDK7N034' was successfully uploaded.
Successfully uploaded and updated history for: Psalms_Chapter_49.mp4
Processing pending upload: Psalms_Chapter_50.mp4
Starting upload for: Psalms Chapter 50 (NIRV)
Uploading file...
Video id '_eRWLaJZwG0' was successfully uploaded.
Successfully uploaded and updated history for: Psalms_Chapter_50.mp4
Processing pending upload: Psalms_Chapter_51.mp4
Starting upload for: Psalms Chapter 51 (NIRV)
Uploading file...
Video id 'WdPy7F-Gsyo' was successfully uploaded.
Successfully uploaded and updated history for: Psalms_Chapter_51.mp4
Processing pending upload: Psalms_Chapter_52.mp4
Starting upload for: Psalms Chapter 52 (NIRV)
Uploading file...
Video id '-b0r-AVXfOY' was successfully uploaded.
Successfully uploaded and updated history for: Psalms_Chapter_52.mp4
Processing pending upload: Psalms_Chapter_53.mp4
Starting upload for: Psalms Chapter 53 (NIRV)
Uploading file...
Video id 'HPZuARK2Du4' was successfully uploaded.
Successfully uploaded and updated history for: Psalms_Chapter_53.mp4
Processing pending upload: Psalms_Chapter_54.mp4
Starting upload for: Psalms Chapter 54 (NIRV)
Uploading file...
Video id '1eiOONZMmFA' was successfully uploaded.
Successfully uploaded and updated history for: Psalms_Chapter_54.mp4
Processing pending upload: Psalms_Chapter_55.mp4
Starting upload for: Psalms Chapter 55 (NIRV)
Uploading file...
Video id 'U4GE0eoxrlQ' was successfully uploaded.
Successfully uploaded and updated history for: Psalms_Chapter_55.mp4
Processing pending upload: Psalms_Chapter_56.mp4
Starting upload for: Psalms Chapter 56 (NIRV)
Uploading file...
Video id 'YgiKQCfW_64' was successfully uploaded.
Successfully uploaded and updated history for: Psalms_Chapter_56.mp4
Processing pending upload: Psalms_Chapter_57.mp4
Starting upload for: Psalms Chapter 57 (NIRV)
Uploading file...
Video id 'btcZSkR-DDI' was successfully uploaded.
Successfully uploaded and updated history for: Psalms_Chapter_57.mp4
Processing pending upload: Psalms_Chapter_58.mp4
Starting upload for: Psalms Chapter 58 (NIRV)
Uploading file...
Video id 'EAshwLjkeVs' was successfully uploaded.
Successfully uploaded and updated history for: Psalms_Chapter_58.mp4
Processing pending upload: Psalms_Chapter_59.mp4
Starting upload for: Psalms Chapter 59 (NIRV)
Uploading file...
Video id 'DVmBbucYdvs' was successfully uploaded.
Successfully uploaded and updated history for: Psalms_Chapter_59.mp4
Processing pending upload: Psalms_Chapter_60.mp4
Starting upload for: Psalms Chapter 60 (NIRV)
Uploading file...
Video id '8lTaDKx3bz4' was successfully uploaded.
Successfully uploaded and updated history for: Psalms_Chapter_60.mp4
Processing pending upload: Psalms_Chapter_61.mp4
Starting upload for: Psalms Chapter 61 (NIRV)
Uploading file...
Video id 'mhx9dfac69M' was successfully uploaded.
Successfully uploaded and updated history for: Psalms_Chapter_61.mp4
Processing pending upload: Psalms_Chapter_62.mp4
Starting upload for: Psalms Chapter 62 (NIRV)
Uploading file...
Video id 'nqrAAERBv3Q' was successfully uploaded.
Successfully uploaded and updated history for: Psalms_Chapter_62.mp4
Processing pending upload: Psalms_Chapter_63.mp4
Starting upload for: Psalms Chapter 63 (NIRV)
Uploading file...
Video id '0AaAF2Zpq1A' was successfully uploaded.
Successfully uploaded and updated history for: Psalms_Chapter_63.mp4
Processing pending upload: Psalms_Chapter_64.mp4
Starting upload for: Psalms Chapter 64 (NIRV)
Uploading file...
Video id 'D7uB57ZZxIs' was successfully uploaded.
Successfully uploaded and updated history for: Psalms_Chapter_64.mp4
Processing pending upload: Psalms_Chapter_65.mp4
Starting upload for: Psalms Chapter 65 (NIRV)
Uploading file...
Video id 'YbpD-uP5mYI' was successfully uploaded.
Successfully uploaded and updated history for: Psalms_Chapter_65.mp4
Processing pending upload: Psalms_Chapter_66.mp4
Starting upload for: Psalms Chapter 66 (NIRV)
Uploading file...
Video id 'ElA4Pys0gMI' was successfully uploaded.
Successfully uploaded and updated history for: Psalms_Chapter_66.mp4
Processing pending upload: Psalms_Chapter_67.mp4
Starting upload for: Psalms Chapter 67 (NIRV)
Uploading file...
Video id 'u9IWKBMIaSg' was successfully uploaded.
Successfully uploaded and updated history for: Psalms_Chapter_67.mp4
Processing pending upload: Psalms_Chapter_68.mp4
Starting upload for: Psalms Chapter 68 (NIRV)
Uploading file...
Video id 'HaGcuyRcbuc' was successfully uploaded.
Successfully uploaded and updated history for: Psalms_Chapter_68.mp4
Processing pending upload: Psalms_Chapter_69.mp4
Starting upload for: Psalms Chapter 69 (NIRV)
Uploading file...
Video id 'AkjCbxkRBnM' was successfully uploaded.
Successfully uploaded and updated history for: Psalms_Chapter_69.mp4
Processing pending upload: Psalms_Chapter_70.mp4
Starting upload for: Psalms Chapter 70 (NIRV)
Uploading file...
Video id 'hicktyKEwiU' was successfully uploaded.
Successfully uploaded and updated history for: Psalms_Chapter_70.mp4
Processing pending upload: Psalms_Chapter_71.mp4
Starting upload for: Psalms Chapter 71 (NIRV)
Uploading file...
Video id 'Kal6kq9JlWc' was successfully uploaded.
Successfully uploaded and updated history for: Psalms_Chapter_71.mp4
Processing pending upload: Psalms_Chapter_72.mp4
Starting upload for: Psalms Chapter 72 (NIRV)
Uploading file...
Video id '-f_Z5NnCMXs' was successfully uploaded.
Successfully uploaded and updated history for: Psalms_Chapter_72.mp4
Processing pending upload: Psalms_Chapter_73.mp4
Starting upload for: Psalms Chapter 73 (NIRV)
Uploading file...
Video id 'dA1n1sHBlsQ' was successfully uploaded.
Successfully uploaded and updated history for: Psalms_Chapter_73.mp4
Processing pending upload: Psalms_Chapter_74.mp4
Starting upload for: Psalms Chapter 74 (NIRV)
Uploading file...
Video id 'OTcTxo3EkNk' was successfully uploaded.
Successfully uploaded and updated history for: Psalms_Chapter_74.mp4
Processing pending upload: Psalms_Chapter_75.mp4
Starting upload for: Psalms Chapter 75 (NIRV)
Uploading file...
Video id 'x9q1Av-VCeo' was successfully uploaded.
Successfully uploaded and updated history for: Psalms_Chapter_75.mp4
Processing pending upload: Psalms_Chapter_76.mp4
Starting upload for: Psalms Chapter 76 (NIRV)
Uploading file...
Video id 'K1wT08TlQhE' was successfully uploaded.
Successfully uploaded and updated history for: Psalms_Chapter_76.mp4
Processing pending upload: Psalms_Chapter_77.mp4
Starting upload for: Psalms Chapter 77 (NIRV)
Uploading file...
Video id 'jMk6TVTH1zo' was successfully uploaded.
Successfully uploaded and updated history for: Psalms_Chapter_77.mp4
Processing pending upload: Psalms_Chapter_78.mp4
Starting upload for: Psalms Chapter 78 (NIRV)
Uploading file...
Video id 'A8zNUvAsXBg' was successfully uploaded.
Successfully uploaded and updated history for: Psalms_Chapter_78.mp4
Processing pending upload: Psalms_Chapter_79.mp4
Starting upload for: Psalms Chapter 79 (NIRV)
Uploading file...
Video id '_YLRSOTwaM4' was successfully uploaded.
Successfully uploaded and updated history for: Psalms_Chapter_79.mp4
Processing pending upload: Psalms_Chapter_80.mp4
Starting upload for: Psalms Chapter 80 (NIRV)
Uploading file...
Video id 'szwG-8q542Y' was successfully uploaded.
Successfully uploaded and updated history for: Psalms_Chapter_80.mp4
Processing pending upload: Psalms_Chapter_81.mp4
Starting upload for: Psalms Chapter 81 (NIRV)
Uploading file...
Video id 'CptWVO8wQpQ' was successfully uploaded.
Successfully uploaded and updated history for: Psalms_Chapter_81.mp4
Processing pending upload: Psalms_Chapter_82.mp4
Starting upload for: Psalms Chapter 82 (NIRV)
Uploading file...
Video id 'MCnFLM6OWFI' was successfully uploaded.
Successfully uploaded and updated history for: Psalms_Chapter_82.mp4
Processing pending upload: Psalms_Chapter_83.mp4
Starting upload for: Psalms Chapter 83 (NIRV)
Uploading file...
Video id 'FdV3UtuKqo8' was successfully uploaded.
Successfully uploaded and updated history for: Psalms_Chapter_83.mp4
Processing pending upload: Psalms_Chapter_84.mp4
Starting upload for: Psalms Chapter 84 (NIRV)
Uploading file...
Video id 'FlHBUFcPno4' was successfully uploaded.
Successfully uploaded and updated history for: Psalms_Chapter_84.mp4
Processing pending upload: Psalms_Chapter_85.mp4
Starting upload for: Psalms Chapter 85 (NIRV)
Uploading file...
Video id 'jfb0fKqqLaA' was successfully uploaded.
Successfully uploaded and updated history for: Psalms_Chapter_85.mp4
Processing pending upload: Psalms_Chapter_86.mp4
Starting upload for: Psalms Chapter 86 (NIRV)
Uploading file...
Video id '_E-gdehRCYc' was successfully uploaded.
Successfully uploaded and updated history for: Psalms_Chapter_86.mp4
Processing pending upload: Psalms_Chapter_87.mp4
Starting upload for: Psalms Chapter 87 (NIRV)
Uploading file...
Video id 'liDrdA3ZpTQ' was successfully uploaded.
Successfully uploaded and updated history for: Psalms_Chapter_87.mp4
Processing pending upload: Psalms_Chapter_88.mp4
Starting upload for: Psalms Chapter 88 (NIRV)
Uploading file...
Video id 'bcbbMDukdtk' was successfully uploaded.
Successfully uploaded and updated history for: Psalms_Chapter_88.mp4
Processing pending upload: Psalms_Chapter_89.mp4
Starting upload for: Psalms Chapter 89 (NIRV)
Uploading file...
Video id '6Dccf-pGVdI' was successfully uploaded.
Successfully uploaded and updated history for: Psalms_Chapter_89.mp4
Processing pending upload: Psalms_Chapter_90.mp4
Starting upload for: Psalms Chapter 90 (NIRV)
Uploading file...
Video id '2iF2Hei0USc' was successfully uploaded.
Successfully uploaded and updated history for: Psalms_Chapter_90.mp4
Processing pending upload: Psalms_Chapter_91.mp4
Starting upload for: Psalms Chapter 91 (NIRV)
Uploading file...
Video id 'R5cyxaUs-Lk' was successfully uploaded.
Successfully uploaded and updated history for: Psalms_Chapter_91.mp4
Processing pending upload: Psalms_Chapter_92.mp4
Starting upload for: Psalms Chapter 92 (NIRV)
Uploading file...
Video id 'IaNWJu50iZo' was successfully uploaded.
Successfully uploaded and updated history for: Psalms_Chapter_92.mp4
Processing pending upload: Psalms_Chapter_93.mp4
Starting upload for: Psalms Chapter 93 (NIRV)
Uploading file...
Video id '2vpnFcBU8Hg' was successfully uploaded.
Successfully uploaded and updated history for: Psalms_Chapter_93.mp4
Processing pending upload: Psalms_Chapter_94.mp4
Starting upload for: Psalms Chapter 94 (NIRV)
Uploading file...
Video id 'PFmEn3AejKA' was successfully uploaded.
Successfully uploaded and updated history for: Psalms_Chapter_94.mp4
Processing pending upload: Psalms_Chapter_95.mp4
Starting upload for: Psalms Chapter 95 (NIRV)
Uploading file...
Video id 'bNHBzBrmdZw' was successfully uploaded.
Successfully uploaded and updated history for: Psalms_Chapter_95.mp4
Processing pending upload: Psalms_Chapter_96.mp4
Starting upload for: Psalms Chapter 96 (NIRV)
Uploading file...
Video id '_YgWIC8exR4' was successfully uploaded.
Successfully uploaded and updated history for: Psalms_Chapter_96.mp4
Processing pending upload: Psalms_Chapter_97.mp4
Starting upload for: Psalms Chapter 97 (NIRV)
Uploading file...
Video id 'cfyAbCBgDOw' was successfully uploaded.
Successfully uploaded and updated history for: Psalms_Chapter_97.mp4
Processing pending upload: Psalms_Chapter_98.mp4
Starting upload for: Psalms Chapter 98 (NIRV)
Uploading file...
Video id 'iGdR5ZTxpu8' was successfully uploaded.
Successfully uploaded and updated history for: Psalms_Chapter_98.mp4
Processing pending upload: Psalms_Chapter_99.mp4
Starting upload for: Psalms Chapter 99 (NIRV)
Uploading file...
Video id 'XXtASOVhNPg' was successfully uploaded.
Successfully uploaded and updated history for: Psalms_Chapter_99.mp4
Processing pending upload: Psalms_Chapter_100.mp4
Starting upload for: Psalms Chapter 100 (NIRV)
Uploading file...
Video id 'S7UUe9NhXS0' was successfully uploaded.
Successfully uploaded and updated history for: Psalms_Chapter_100.mp4
Processing pending upload: Psalms_Chapter_101.mp4
Starting upload for: Psalms Chapter 101 (NIRV)
Uploading file...
Video id 'SAG6_RjzoLQ' was successfully uploaded.
Successfully uploaded and updated history for: Psalms_Chapter_101.mp4
Processing pending upload: Psalms_Chapter_102.mp4
Starting upload for: Psalms Chapter 102 (NIRV)
Uploading file...
Video id '2OTLET-euNA' was successfully uploaded.
Successfully uploaded and updated history for: Psalms_Chapter_102.mp4
Processing pending upload: Psalms_Chapter_103.mp4
Starting upload for: Psalms Chapter 103 (NIRV)
Uploading file...
Video id 'gy52Fl62-X4' was successfully uploaded.
Successfully uploaded and updated history for: Psalms_Chapter_103.mp4
Processing pending upload: Psalms_Chapter_104.mp4
Starting upload for: Psalms Chapter 104 (NIRV)
Uploading file...
Video id 'hxg9JhHt-kA' was successfully uploaded.
Successfully uploaded and updated history for: Psalms_Chapter_104.mp4
Processing pending upload: Psalms_Chapter_105.mp4
Starting upload for: Psalms Chapter 105 (NIRV)
Uploading file...
Video id '0W3BI3NEEEw' was successfully uploaded.
Successfully uploaded and updated history for: Psalms_Chapter_105.mp4
Processing pending upload: Psalms_Chapter_106.mp4
Starting upload for: Psalms Chapter 106 (NIRV)
Uploading file...
Video id '5Lihti1oeCQ' was successfully uploaded.
Successfully uploaded and updated history for: Psalms_Chapter_106.mp4
Processing pending upload: Psalms_Chapter_107.mp4
Starting upload for: Psalms Chapter 107 (NIRV)
Uploading file...
Video id 'vq1em7LGA-o' was successfully uploaded.
Successfully uploaded and updated history for: Psalms_Chapter_107.mp4
Processing pending upload: Psalms_Chapter_108.mp4
Starting upload for: Psalms Chapter 108 (NIRV)
Uploading file...
Video id 'gFlMqWEopmc' was successfully uploaded.
Successfully uploaded and updated history for: Psalms_Chapter_108.mp4
Processing pending upload: Psalms_Chapter_109.mp4
Starting upload for: Psalms Chapter 109 (NIRV)
Uploading file...
Video id 'OwNvt_3KXx8' was successfully uploaded.
Successfully uploaded and updated history for: Psalms_Chapter_109.mp4
Processing pending upload: Psalms_Chapter_110.mp4
Starting upload for: Psalms Chapter 110 (NIRV)
Uploading file...
Video id 'MfjlbGFLrbA' was successfully uploaded.
Successfully uploaded and updated history for: Psalms_Chapter_110.mp4
Processing pending upload: Psalms_Chapter_111.mp4
Starting upload for: Psalms Chapter 111 (NIRV)
Uploading file...
Video id 'rrZ3WymxrSA' was successfully uploaded.
Successfully uploaded and updated history for: Psalms_Chapter_111.mp4
Processing pending upload: Psalms_Chapter_112.mp4
Starting upload for: Psalms Chapter 112 (NIRV)
Uploading file...
Video id 'oUDfIAg6eEI' was successfully uploaded.
Successfully uploaded and updated history for: Psalms_Chapter_112.mp4
Processing pending upload: Psalms_Chapter_113.mp4
Starting upload for: Psalms Chapter 113 (NIRV)
Uploading file...
Video id 'cTfrbPTID6o' was successfully uploaded.
Successfully uploaded and updated history for: Psalms_Chapter_113.mp4
Processing pending upload: Psalms_Chapter_114.mp4
Starting upload for: Psalms Chapter 114 (NIRV)
Uploading file...
Video id 'r9CcyIEq_wY' was successfully uploaded.
Successfully uploaded and updated history for: Psalms_Chapter_114.mp4
Processing pending upload: Psalms_Chapter_115.mp4
Starting upload for: Psalms Chapter 115 (NIRV)
Uploading file...
Video id 'NElziFA6uPw' was successfully uploaded.
Successfully uploaded and updated history for: Psalms_Chapter_115.mp4
Processing pending upload: Psalms_Chapter_116.mp4
Starting upload for: Psalms Chapter 116 (NIRV)
Uploading file...
Video id 'UDYeKtEvWRU' was successfully uploaded.
Successfully uploaded and updated history for: Psalms_Chapter_116.mp4
Processing pending upload: Psalms_Chapter_117.mp4
Starting upload for: Psalms Chapter 117 (NIRV)
Uploading file...
Video id 'dUx8TgihrRE' was successfully uploaded.
Successfully uploaded and updated history for: Psalms_Chapter_117.mp4
Processing pending upload: Psalms_Chapter_118.mp4
Starting upload for: Psalms Chapter 118 (NIRV)
Uploading file...
Failed to upload Psalms_Chapter_118.mp4: <HttpError 403 when requesting None returned "The request cannot be completed because you have exceeded your <a href="/youtube/v3/getting-started#quota">quota</a>.". Details: "[{'message': 'The request cannot be completed because you have exceeded your <a href="/youtube/v3/getting-started#quota">quota</a>.', 'domain': 'youtube.quota', 'reason': 'quotaExceeded'}]">
QUOTA/LIMIT ERROR DETECTED. Stopping uploads.
Quota/Limit Exceeded
